app/build/intermediates/manifest_merge_blame_file/debug/manifest-merger-blame-debug-report.txt
1<?xml version="1.0" encoding="utf-8"?>
2<manifest xmlns:android="http://schemas.android.com/apk/res/android"
3    package="my.edu.tarc.inventoryapp"
4    android:versionCode="1"
5    android:versionName="1.0" >
6
7    <uses-sdk
8        android:minSdkVersion="18"
8-->src\main\AndroidManifest.xml
9        android:targetSdkVersion="28" />
9-->src\main\AndroidManifest.xml
10
11    <uses-permission android:name="android.permission.INTERNET" />
11-->src\main\AndroidManifest.xml:5:5-67
11-->src\main\AndroidManifest.xml:5:22-64
12    <uses-permission android:name="android.permission.CAMERA" />
12-->src\main\AndroidManifest.xml:6:5-65
12-->src\main\AndroidManifest.xml:6:22-62
13
14    <!-- Although the *SdkVersion is captured in gradle build files, this is required for non gradle builds -->
15    <!-- <uses-sdk android:minSdkVersion="14"/> -->
16    <uses-permission android:name="android.permission.ACCESS_NETWORK_STATE" />
16-->[com.google.firebase:firebase-storage:19.1.0] AndroidManifest.xml:26:5-79
16-->[com.google.firebase:firebase-storage:19.1.0] AndroidManifest.xml:26:22-76
17    <uses-permission android:name="android.permission.WAKE_LOCK" /> <!-- Required by older versions of Google Play services to create IID tokens -->
17-->[com.google.android.gms:play-services-measurement-api:17.2.0] AndroidManifest.xml:24:5-68
17-->[com.google.android.gms:play-services-measurement-api:17.2.0] AndroidManifest.xml:24:22-65
18    <uses-permission android:name="com.google.android.c2dm.permission.RECEIVE" />
18-->[com.google.firebase:firebase-iid:19.0.0] AndroidManifest.xml:26:5-82
18-->[com.google.firebase:firebase-iid:19.0.0] AndroidManifest.xml:26:22-79
19    <uses-permission android:name="com.google.android.finsky.permission.BIND_GET_INSTALL_REFERRER_SERVICE" />
19-->[com.google.android.gms:play-services-measurement:17.2.0] AndroidManifest.xml:26:5-110
19-->[com.google.android.gms:play-services-measurement:17.2.0] AndroidManifest.xml:26:22-107
20
21    <application
21-->src\main\AndroidManifest.xml:8:5-29:19
22        android:allowBackup="true"
22-->src\main\AndroidManifest.xml:9:9-35
23        android:appComponentFactory="androidx.core.app.CoreComponentFactory"
23-->[androidx.core:core:1.1.0] AndroidManifest.xml:24:18-86
24        android:debuggable="true"
25        android:icon="@mipmap/ic_launcher"
25-->src\main\AndroidManifest.xml:10:9-43
26        android:label="@string/app_name"
26-->src\main\AndroidManifest.xml:11:9-41
27        android:roundIcon="@mipmap/ic_launcher_round"
27-->src\main\AndroidManifest.xml:12:9-54
28        android:supportsRtl="true"
28-->src\main\AndroidManifest.xml:13:9-35
29        android:testOnly="true"
30        android:theme="@style/AppTheme" >
30-->src\main\AndroidManifest.xml:14:9-40
31        <activity android:name="my.edu.tarc.inventoryapp.DisplayProductActivity" >
31-->src\main\AndroidManifest.xml:15:9-22:16
31-->src\main\AndroidManifest.xml:15:19-57
32            <intent-filter>
32-->src\main\AndroidManifest.xml:16:9-20:25
33                <action android:name="android.intent.action.MAIN" />
33-->src\main\AndroidManifest.xml:17:13-65
33-->src\main\AndroidManifest.xml:17:21-62
34
35                <category android:name="android.intent.category.LAUNCHER" />
35-->src\main\AndroidManifest.xml:19:13-73
35-->src\main\AndroidManifest.xml:19:23-70
36            </intent-filter>
37        </activity>
38        <activity android:name="my.edu.tarc.inventoryapp.ScanCodeActivity" />
38-->src\main\AndroidManifest.xml:24:9-54
38-->src\main\AndroidManifest.xml:24:19-51
39        <activity android:name="my.edu.tarc.inventoryapp.AddProductActivity" />
39-->src\main\AndroidManifest.xml:25:9-56
39-->src\main\AndroidManifest.xml:25:19-53
40        <activity android:name="my.edu.tarc.inventoryapp.MainActivity" />
40-->src\main\AndroidManifest.xml:28:9-50
40-->src\main\AndroidManifest.xml:28:19-47
41        <activity
41-->[com.google.firebase:firebase-auth:19.1.0] AndroidManifest.xml:24:9-31:50
42            android:name="com.google.firebase.auth.internal.FederatedSignInActivity"
42-->[com.google.firebase:firebase-auth:19.1.0] AndroidManifest.xml:25:13-85
43            android:excludeFromRecents="true"
43-->[com.google.firebase:firebase-auth:19.1.0] AndroidManifest.xml:26:13-46
44            android:exported="true"
44-->[com.google.firebase:firebase-auth:19.1.0] AndroidManifest.xml:27:13-36
45            android:launchMode="singleTask"
45-->[com.google.firebase:firebase-auth:19.1.0] AndroidManifest.xml:28:13-44
46            android:permission="com.google.firebase.auth.api.gms.permission.LAUNCH_FEDERATED_SIGN_IN"
46-->[com.google.firebase:firebase-auth:19.1.0] AndroidManifest.xml:29:13-102
47            android:theme="@android:style/Theme.Translucent.NoTitleBar" />
47-->[com.google.firebase:firebase-auth:19.1.0] AndroidManifest.xml:30:13-72
48
49        <service
49-->[com.google.firebase:firebase-auth:19.1.0] AndroidManifest.xml:33:9-39:19
50            android:name="com.google.firebase.components.ComponentDiscoveryService"
50-->[com.google.firebase:firebase-auth:19.1.0] AndroidManifest.xml:34:13-84
51            android:directBootAware="true"
51-->[com.google.firebase:firebase-common:19.2.0] AndroidManifest.xml:15:13-43
52            android:exported="false" >
52-->[com.google.firebase:firebase-auth:19.1.0] AndroidManifest.xml:35:13-37
53            <meta-data
53-->[com.google.firebase:firebase-auth:19.1.0] AndroidManifest.xml:36:13-38:85
54                android:name="com.google.firebase.components:com.google.firebase.auth.FirebaseAuthRegistrar"
54-->[com.google.firebase:firebase-auth:19.1.0] AndroidManifest.xml:37:17-109
55                android:value="com.google.firebase.components.ComponentRegistrar" />
55-->[com.google.firebase:firebase-auth:19.1.0] AndroidManifest.xml:38:17-82
56            <meta-data
56-->[com.google.firebase:firebase-storage:19.1.0] AndroidManifest.xml:33:13-35:85
57                android:name="com.google.firebase.components:com.google.firebase.storage.StorageRegistrar"
57-->[com.google.firebase:firebase-storage:19.1.0] AndroidManifest.xml:34:17-107
58                android:value="com.google.firebase.components.ComponentRegistrar" />
58-->[com.google.firebase:firebase-storage:19.1.0] AndroidManifest.xml:35:17-82
59            <meta-data
59-->[com.google.firebase:firebase-database:19.2.0] AndroidManifest.xml:32:13-34:85
60                android:name="com.google.firebase.components:com.google.firebase.database.DatabaseRegistrar"
60-->[com.google.firebase:firebase-database:19.2.0] AndroidManifest.xml:33:17-109
61                android:value="com.google.firebase.components.ComponentRegistrar" />
61-->[com.google.firebase:firebase-database:19.2.0] AndroidManifest.xml:34:17-82
62            <meta-data
62-->[com.google.android.gms:play-services-measurement-api:17.2.0] AndroidManifest.xml:30:13-32:85
63                android:name="com.google.firebase.components:com.google.firebase.analytics.connector.internal.AnalyticsConnectorRegistrar"
63-->[com.google.android.gms:play-services-measurement-api:17.2.0] AndroidManifest.xml:31:17-139
64                android:value="com.google.firebase.components.ComponentRegistrar" />
64-->[com.google.android.gms:play-services-measurement-api:17.2.0] AndroidManifest.xml:32:17-82
65            <meta-data
65-->[com.google.firebase:firebase-iid:19.0.0] AndroidManifest.xml:32:13-34:85
66                android:name="com.google.firebase.components:com.google.firebase.iid.Registrar"
66-->[com.google.firebase:firebase-iid:19.0.0] AndroidManifest.xml:33:17-96
67                android:value="com.google.firebase.components.ComponentRegistrar" />
67-->[com.google.firebase:firebase-iid:19.0.0] AndroidManifest.xml:34:17-82
68        </service>
69
70        <provider
70-->[com.squareup.picasso:picasso:2.71828] AndroidManifest.xml:8:9-11:40
71            android:name="com.squareup.picasso.PicassoProvider"
71-->[com.squareup.picasso:picasso:2.71828] AndroidManifest.xml:9:13-64
72            android:authorities="my.edu.tarc.inventoryapp.com.squareup.picasso"
72-->[com.squareup.picasso:picasso:2.71828] AndroidManifest.xml:10:13-72
73            android:exported="false" />
73-->[com.squareup.picasso:picasso:2.71828] AndroidManifest.xml:11:13-37
74
75        <activity
75-->[com.google.android.gms:play-services-auth:16.0.0] AndroidManifest.xml:23:9-27:75
76            android:name="com.google.android.gms.auth.api.signin.internal.SignInHubActivity"
76-->[com.google.android.gms:play-services-auth:16.0.0] AndroidManifest.xml:24:13-93
77            android:excludeFromRecents="true"
77-->[com.google.android.gms:play-services-auth:16.0.0] AndroidManifest.xml:25:13-46
78            android:exported="false"
78-->[com.google.android.gms:play-services-auth:16.0.0] AndroidManifest.xml:26:13-37
79            android:theme="@android:style/Theme.Translucent.NoTitleBar" />
79-->[com.google.android.gms:play-services-auth:16.0.0] AndroidManifest.xml:27:13-72
80        <!--
81            Service handling Google Sign-In user revocation. For apps that do not integrate with
82            Google Sign-In, this service will never be started.
83        -->
84        <service
84-->[com.google.android.gms:play-services-auth:16.0.0] AndroidManifest.xml:33:9-36:110
85            android:name="com.google.android.gms.auth.api.signin.RevocationBoundService"
85-->[com.google.android.gms:play-services-auth:16.0.0] AndroidManifest.xml:34:13-89
86            android:exported="true"
86-->[com.google.android.gms:play-services-auth:16.0.0] AndroidManifest.xml:35:13-36
87            android:permission="com.google.android.gms.auth.api.signin.permission.REVOCATION_NOTIFICATION" />
87-->[com.google.android.gms:play-services-auth:16.0.0] AndroidManifest.xml:36:13-107
88
89        <receiver
89-->[com.google.firebase:firebase-iid:19.0.0] AndroidManifest.xml:37:9-44:20
90            android:name="com.google.firebase.iid.FirebaseInstanceIdReceiver"
90-->[com.google.firebase:firebase-iid:19.0.0] AndroidManifest.xml:38:13-78
91            android:exported="true"
91-->[com.google.firebase:firebase-iid:19.0.0] AndroidManifest.xml:39:13-36
92            android:permission="com.google.android.c2dm.permission.SEND" >
92-->[com.google.firebase:firebase-iid:19.0.0] AndroidManifest.xml:40:13-73
93            <intent-filter>
93-->[com.google.firebase:firebase-iid:19.0.0] AndroidManifest.xml:41:13-43:29
94                <action android:name="com.google.android.c2dm.intent.RECEIVE" />
94-->[com.google.firebase:firebase-iid:19.0.0] AndroidManifest.xml:42:17-81
94-->[com.google.firebase:firebase-iid:19.0.0] AndroidManifest.xml:42:25-78
95            </intent-filter>
96        </receiver>
97
98        <activity
98-->[com.google.android.gms:play-services-base:17.1.0] AndroidManifest.xml:23:9-26:75
99            android:name="com.google.android.gms.common.api.GoogleApiActivity"
99-->[com.google.android.gms:play-services-base:17.1.0] AndroidManifest.xml:24:13-79
100            android:exported="false"
100-->[com.google.android.gms:play-services-base:17.1.0] AndroidManifest.xml:25:13-37
101            android:theme="@android:style/Theme.Translucent.NoTitleBar" />
101-->[com.google.android.gms:play-services-base:17.1.0] AndroidManifest.xml:26:13-72
102
103        <provider
103-->[com.google.firebase:firebase-common:19.2.0] AndroidManifest.xml:19:9-23:39
104            android:name="com.google.firebase.provider.FirebaseInitProvider"
104-->[com.google.firebase:firebase-common:19.2.0] AndroidManifest.xml:20:13-77
105            android:authorities="my.edu.tarc.inventoryapp.firebaseinitprovider"
105-->[com.google.firebase:firebase-common:19.2.0] AndroidManifest.xml:21:13-72
106            android:exported="false"
106-->[com.google.firebase:firebase-common:19.2.0] AndroidManifest.xml:22:13-37
107            android:initOrder="100" />
107-->[com.google.firebase:firebase-common:19.2.0] AndroidManifest.xml:23:13-36
108
109        <receiver
109-->[com.google.android.gms:play-services-measurement:17.2.0] AndroidManifest.xml:29:9-33:20
110            android:name="com.google.android.gms.measurement.AppMeasurementReceiver"
110-->[com.google.android.gms:play-services-measurement:17.2.0] AndroidManifest.xml:30:13-85
111            android:enabled="true"
111-->[com.google.android.gms:play-services-measurement:17.2.0] AndroidManifest.xml:31:13-35
112            android:exported="false" >
112-->[com.google.android.gms:play-services-measurement:17.2.0] AndroidManifest.xml:32:13-37
113        </receiver>
114        <receiver
114-->[com.google.android.gms:play-services-measurement:17.2.0] AndroidManifest.xml:34:9-42:20
115            android:name="com.google.android.gms.measurement.AppMeasurementInstallReferrerReceiver"
115-->[com.google.android.gms:play-services-measurement:17.2.0] AndroidManifest.xml:35:13-100
116            android:enabled="true"
116-->[com.google.android.gms:play-services-measurement:17.2.0] AndroidManifest.xml:36:13-35
117            android:exported="true"
117-->[com.google.android.gms:play-services-measurement:17.2.0] AndroidManifest.xml:37:13-36
118            android:permission="android.permission.INSTALL_PACKAGES" >
118-->[com.google.android.gms:play-services-measurement:17.2.0] AndroidManifest.xml:38:13-69
119            <intent-filter>
119-->[com.google.android.gms:play-services-measurement:17.2.0] AndroidManifest.xml:39:13-41:29
120                <action android:name="com.android.vending.INSTALL_REFERRER" />
120-->[com.google.android.gms:play-services-measurement:17.2.0] AndroidManifest.xml:40:17-79
120-->[com.google.android.gms:play-services-measurement:17.2.0] AndroidManifest.xml:40:25-76
121            </intent-filter>
122        </receiver>
123
124        <service
124-->[com.google.android.gms:play-services-measurement:17.2.0] AndroidManifest.xml:44:9-47:40
125            android:name="com.google.android.gms.measurement.AppMeasurementService"
125-->[com.google.android.gms:play-services-measurement:17.2.0] AndroidManifest.xml:45:13-84
126            android:enabled="true"
126-->[com.google.android.gms:play-services-measurement:17.2.0] AndroidManifest.xml:46:13-35
127            android:exported="false" />
127-->[com.google.android.gms:play-services-measurement:17.2.0] AndroidManifest.xml:47:13-37
128        <service
128-->[com.google.android.gms:play-services-measurement:17.2.0] AndroidManifest.xml:48:9-52:72
129            android:name="com.google.android.gms.measurement.AppMeasurementJobService"
129-->[com.google.android.gms:play-services-measurement:17.2.0] AndroidManifest.xml:49:13-87
130            android:enabled="true"
130-->[com.google.android.gms:play-services-measurement:17.2.0] AndroidManifest.xml:50:13-35
131            android:exported="false"
131-->[com.google.android.gms:play-services-measurement:17.2.0] AndroidManifest.xml:51:13-37
132            android:permission="android.permission.BIND_JOB_SERVICE" />
132-->[com.google.android.gms:play-services-measurement:17.2.0] AndroidManifest.xml:52:13-69
133
134        <meta-data
134-->[com.google.android.gms:play-services-basement:17.0.0] AndroidManifest.xml:23:9-25:69
135            android:name="com.google.android.gms.version"
135-->[com.google.android.gms:play-services-basement:17.0.0] AndroidManifest.xml:24:13-58
136            android:value="@integer/google_play_services_version" />
136-->[com.google.android.gms:play-services-basement:17.0.0] AndroidManifest.xml:25:13-66
137    </application>
138
139</manifest>